<?xml version="1.0" encoding="UTF-8"?>
<testsuite xmlns:xsi="http://www.w3.org/2001/XMLSchema-instance" xsi:noNamespaceSchemaLocation="https://maven.apache.org/surefire/maven-surefire-plugin/xsd/surefire-test-report-3.0.xsd" version="3.0" name="itson.org.ghosttracks.test.ProductosMockDAOTest" time="0.248" tests="7" errors="0" skipped="0" failures="0">
  <properties>
[...]
</properties>
  <testcase name="testBuscarPorIdHappyPath" classname="itson.org.ghosttracks.test.ProductosMockDAOTest" time="0.103"/>
  <testcase name="testAgregarProductoNulo" classname="itson.org.ghosttracks.test.ProductosMockDAOTest" time="0.008"/>
  <testcase name="testBuscarPorIdNoExiste" classname="itson.org.ghosttracks.test.ProductosMockDAOTest" time="0.007"/>
  <testcase name="testAgregarProductoNombreVacio" classname="itson.org.ghosttracks.test.ProductosMockDAOTest" time="0.006"/>
  <testcase name="testAgregarHappyPath" classname="itson.org.ghosttracks.test.ProductosMockDAOTest" time="0.004"/>
  <testcase name="testBuscarPorIdNulo" classname="itson.org.ghosttracks.test.ProductosMockDAOTest" time="0.005"/>
  <testcase name="testObtenerTodosHappyPath" classname="itson.org.ghosttracks.test.ProductosMockDAOTest" time="0.006"/>
</testsuite>